0 info it worked if it ends with ok
1 verbose cli [ '/usr/local/bin/node', '/usr/local/bin/npm', 'run', 'serve' ]
2 info using npm@4.0.5
3 info using node@v7.4.0
4 verbose run-script [ 'preserve', 'serve', 'postserve' ]
5 info lifecycle todo-vue-admin@0.1.0~preserve: todo-vue-admin@0.1.0
6 silly lifecycle todo-vue-admin@0.1.0~preserve: no script for preserve, continuing
7 info lifecycle todo-vue-admin@0.1.0~serve: todo-vue-admin@0.1.0
8 verbose lifecycle todo-vue-admin@0.1.0~serve: unsafe-perm in lifecycle true
9 verbose lifecycle todo-vue-admin@0.1.0~serve: PATH: /usr/local/lib/node_modules/npm/bin/node-gyp-bin:/Users/chemingqiang/Documents/GitHub/Full-stack/05、Vue/vue2/todo-vue-admin/node_modules/.bin:/usr/local/mongodb/bin:/usr/local/bin:/usr/bin:/bin:/usr/sbin:/sbin:/Applications/VMware Fusion.app/Contents/Public:/Library/Apple/usr/bin:/usr/local/mongodb/bin:/opt/homebrew/bin:/opt/homebrew/sbin
10 verbose lifecycle todo-vue-admin@0.1.0~serve: CWD: /Users/chemingqiang/Documents/GitHub/Full-stack/05、Vue/vue2/todo-vue-admin
11 silly lifecycle todo-vue-admin@0.1.0~serve: Args: [ '-c', 'vue-cli-service serve' ]
12 silly lifecycle todo-vue-admin@0.1.0~serve: Returned: code: 1  signal: null
13 info lifecycle todo-vue-admin@0.1.0~serve: Failed to exec serve script
14 verbose stack Error: todo-vue-admin@0.1.0 serve: `vue-cli-service serve`
14 verbose stack Exit status 1
14 verbose stack     at EventEmitter.<anonymous> (/usr/local/lib/node_modules/npm/lib/utils/lifecycle.js:279:16)
14 verbose stack     at emitTwo (events.js:106:13)
14 verbose stack     at EventEmitter.emit (events.js:191:7)
14 verbose stack     at ChildProcess.<anonymous> (/usr/local/lib/node_modules/npm/lib/utils/spawn.js:40:14)
14 verbose stack     at emitTwo (events.js:106:13)
14 verbose stack     at ChildProcess.emit (events.js:191:7)
14 verbose stack     at maybeClose (internal/child_process.js:885:16)
14 verbose stack     at Process.ChildProcess._handle.onexit (internal/child_process.js:226:5)
15 verbose pkgid todo-vue-admin@0.1.0
16 verbose cwd /Users/chemingqiang/Documents/GitHub/Full-stack/05、Vue/vue2/todo-vue-admin
17 error Darwin 21.1.0
18 error argv "/usr/local/bin/node" "/usr/local/bin/npm" "run" "serve"
19 error node v7.4.0
20 error npm  v4.0.5
21 error code ELIFECYCLE
22 error todo-vue-admin@0.1.0 serve: `vue-cli-service serve`
22 error Exit status 1
23 error Failed at the todo-vue-admin@0.1.0 serve script 'vue-cli-service serve'.
23 error Make sure you have the latest version of node.js and npm installed.
23 error If you do, this is most likely a problem with the todo-vue-admin package,
23 error not with npm itself.
23 error Tell the author that this fails on your system:
23 error     vue-cli-service serve
23 error You can get information on how to open an issue for this project with:
23 error     npm bugs todo-vue-admin
23 error Or if that isn't available, you can get their info via:
23 error     npm owner ls todo-vue-admin
23 error There is likely additional logging output above.
24 verbose exit [ 1, true ]
